<?xml version="1.0" encoding="UTF-8"?>
<!-- Generated by org.testng.reporters.JUnitReportReporter -->
<testsuite skipped="0" hostname="Taslim" name="landingpage.DropDownMenu1" tests="1" failures="0" timestamp="2021-04-07T22:33:24 EDT" time="6.459" errors="0">
  <testcase name="dropDownMenu1" time="6.459" classname="landingpage.DropDownMenu1"/>
  <system-out/>
</testsuite> <!-- landingpage.DropDownMenu1 -->
