<?xml version="1.0" encoding="UTF-8"?>
<!-- Generated by org.testng.reporters.JUnitReportReporter -->
<testsuite skipped="0" hostname="Taslim" name="landingpage.DropDownMenu2" tests="1" failures="0" timestamp="2021-04-07T22:33:24 EDT" time="10.093" errors="0">
  <testcase name="dropDownMenu2" time="10.093" classname="landingpage.DropDownMenu2"/>
  <system-out/>
</testsuite> <!-- landingpage.DropDownMenu2 -->
