<?xml version="1.0" encoding="UTF-8"?>
<!-- Generated by org.testng.reporters.JUnitReportReporter -->
<testsuite skipped="0" hostname="Taslim" name="landingpage.SearchPage" tests="1" failures="0" timestamp="2021-04-07T22:33:24 EDT" time="54.365" errors="0">
  <testcase name="search" time="54.365" classname="landingpage.SearchPage"/>
  <system-out/>
</testsuite> <!-- landingpage.SearchPage -->
