<?xml version="1.0" encoding="UTF-8"?>
<!-- Generated by org.testng.reporters.JUnitReportReporter -->
<testsuite skipped="0" hostname="Taslim" name="landingpage.SectionArticleNews" tests="1" failures="0" timestamp="2021-04-07T22:37:13 EDT" time="88.135" errors="0">
  <testcase name="getSectionNews" time="88.135" classname="landingpage.SectionArticleNews"/>
  <system-out/>
</testsuite> <!-- landingpage.SectionArticleNews -->
