<?xml version="1.0" encoding="UTF-8"?>
<!-- Generated by org.testng.reporters.JUnitReportReporter -->
<testsuite skipped="0" hostname="Taslim" name="landingpage.TestSearchPage" tests="1" failures="0" timestamp="2021-04-07T22:37:13 EDT" time="72.294" errors="0">
  <testcase name="search" time="72.294" classname="landingpage.TestSearchPage"/>
  <system-out/>
</testsuite> <!-- landingpage.TestSearchPage -->
